TN:
SF:C:\Users\edwsh\Desktop\AppPractica\AppPractica\src\polyfills.ts
FNF:0
FNH:0
LF:0
LH:0
BRF:0
BRH:0
end_of_record
TN:
SF:C:\Users\edwsh\Desktop\AppPractica\AppPractica\src\test.ts
FNF:0
FNH:0
DA:18,1
DA:23,1
DA:25,1
LF:3
LH:3
BRF:0
BRH:0
end_of_record
TN:
SF:C:\Users\edwsh\Desktop\AppPractica\AppPractica\src\app\app.component.ts
FN:8,(anonymous_0)
FNF:1
FNH:0
FNDA:0,(anonymous_0)
DA:8,1
DA:9,0
LF:2
LH:1
BRF:0
BRH:0
end_of_record
TN:
SF:C:\Users\edwsh\Desktop\AppPractica\AppPractica\src\app\Components\home\home.component.ts
FN:10,(anonymous_0)
FN:12,(anonymous_1)
FNF:2
FNH:0
FNDA:0,(anonymous_0)
FNDA:0,(anonymous_1)
DA:8,1
LF:1
LH:1
BRF:0
BRH:0
end_of_record
TN:
SF:C:\Users\edwsh\Desktop\AppPractica\AppPractica\src\app\Components\mat-Table\mat-table\mat-table.component.ts
FN:30,(anonymous_0)
FN:32,(anonymous_1)
FN:38,(anonymous_2)
FN:47,(anonymous_3)
FN:60,(anonymous_4)
FN:74,(anonymous_5)
FN:80,(anonymous_6)
FNF:7
FNH:4
FNDA:2,(anonymous_0)
FNDA:2,(anonymous_1)
FNDA:0,(anonymous_2)
FNDA:2,(anonymous_3)
FNDA:0,(anonymous_4)
FNDA:1,(anonymous_5)
FNDA:0,(anonymous_6)
DA:18,1
DA:20,2
DA:22,2
DA:24,2
DA:26,1
DA:27,1
DA:30,2
DA:39,0
DA:40,0
DA:42,0
DA:43,0
DA:49,2
DA:50,2
DA:62,0
DA:64,0
DA:77,1
DA:79,1
DA:81,0
LF:18
LH:11
BRDA:42,0,0,0
BRDA:42,0,1,0
BRF:2
BRH:0
end_of_record
TN:
SF:C:\Users\edwsh\Desktop\AppPractica\AppPractica\src\app\Components\material-nav\material-nav.component.ts
FN:21,(anonymous_0)
FN:17,(anonymous_1)
FNF:2
FNH:2
FNDA:1,(anonymous_0)
FNDA:1,(anonymous_1)
DA:11,1
DA:13,1
DA:15,1
DA:17,1
DA:21,1
LF:5
LH:5
BRF:0
BRH:0
end_of_record
TN:
SF:C:\Users\edwsh\Desktop\AppPractica\AppPractica\src\app\Components\page-not-founf\page-not-founf.component.ts
FN:48,(anonymous_0)
FN:50,(anonymous_1)
FNF:2
FNH:2
FNDA:1,(anonymous_0)
FNDA:1,(anonymous_1)
DA:15,1
DA:35,1
DA:38,1
DA:41,1
LF:4
LH:4
BRF:0
BRH:0
end_of_record
TN:
SF:C:\Users\edwsh\Desktop\AppPractica\AppPractica\src\app\Components\staff\staff.component.ts
FN:26,(anonymous_0)
FN:28,(anonymous_1)
FN:34,(anonymous_2)
FN:44,(anonymous_3)
FN:53,(anonymous_4)
FN:56,(anonymous_5)
FNF:6
FNH:4
FNDA:2,(anonymous_0)
FNDA:2,(anonymous_1)
FNDA:0,(anonymous_2)
FNDA:2,(anonymous_3)
FNDA:3,(anonymous_4)
FNDA:0,(anonymous_5)
DA:17,1
DA:19,2
DA:21,2
DA:23,1
DA:24,1
DA:26,2
DA:30,2
DA:35,0
DA:36,0
DA:38,0
DA:39,0
DA:45,2
DA:46,2
DA:55,3
DA:57,0
LF:15
LH:10
BRDA:38,0,0,0
BRDA:38,0,1,0
BRF:2
BRH:0
end_of_record
TN:
SF:C:\Users\edwsh\Desktop\AppPractica\AppPractica\src\app\Components\students\students.component.ts
FN:16,(anonymous_0)
FN:65,(anonymous_1)
FN:75,(anonymous_2)
FN:83,(anonymous_3)
FN:98,(anonymous_4)
FN:104,(anonymous_5)
FN:117,(anonymous_6)
FN:182,(anonymous_7)
FN:191,(anonymous_8)
FN:200,(anonymous_9)
FN:203,(anonymous_10)
FNF:11
FNH:9
FNDA:5,(anonymous_0)
FNDA:5,(anonymous_1)
FNDA:5,(anonymous_2)
FNDA:2,(anonymous_3)
FNDA:1,(anonymous_4)
FNDA:1,(anonymous_5)
FNDA:1,(anonymous_6)
FNDA:0,(anonymous_7)
FNDA:5,(anonymous_8)
FNDA:5,(anonymous_9)
FNDA:0,(anonymous_10)
DA:14,1
DA:16,5
DA:21,5
DA:24,5
DA:26,5
DA:28,5
DA:30,5
DA:32,1
DA:33,1
DA:37,5
DA:39,5
DA:63,5
DA:67,5
DA:69,5
DA:77,5
DA:79,5
DA:85,2
DA:86,2
DA:89,2
DA:90,1
DA:93,1
DA:100,1
DA:102,1
DA:103,1
DA:104,1
DA:105,1
DA:106,1
DA:107,1
DA:119,1
DA:120,1
DA:123,1
DA:144,1
DA:150,0
DA:155,0
DA:157,0
DA:158,0
DA:163,1
DA:165,1
DA:167,1
DA:168,0
DA:169,0
DA:174,0
DA:177,0
DA:178,0
DA:183,0
DA:184,0
DA:186,0
DA:187,0
DA:192,5
DA:193,5
DA:202,5
DA:204,0
LF:52
LH:38
BRDA:89,0,0,1
BRDA:89,0,1,1
BRDA:100,1,0,1
BRDA:100,1,1,0
BRDA:144,2,0,0
BRDA:144,2,1,1
BRDA:186,3,0,0
BRDA:186,3,1,0
BRF:8
BRH:4
end_of_record
TN:
SF:C:\Users\edwsh\Desktop\AppPractica\AppPractica\src\app\Pipes\age.pipe.ts
FN:14,(anonymous_0)
FNF:1
FNH:1
FNDA:3,(anonymous_0)
DA:6,1
DA:16,3
DA:17,3
DA:19,3
DA:21,2
DA:23,2
DA:24,2
DA:26,2
DA:28,1
DA:32,1
DA:39,1
DA:41,1
DA:42,1
DA:44,1
DA:46,0
DA:50,1
LF:16
LH:15
BRDA:19,0,0,2
BRDA:19,0,1,1
BRDA:26,1,0,1
BRDA:26,1,1,1
BRDA:44,2,0,0
BRDA:44,2,1,1
BRF:6
BRH:5
end_of_record
TN:
SF:C:\Users\edwsh\Desktop\AppPractica\AppPractica\src\app\Pipes\images.pipe.ts
FN:17,(anonymous_0)
FNF:1
FNH:1
FNDA:2,(anonymous_0)
DA:6,1
DA:19,2
DA:21,2
DA:23,1
DA:27,1
LF:5
LH:5
BRDA:21,0,0,1
BRDA:21,0,1,1
BRF:2
BRH:2
end_of_record
TN:
SF:C:\Users\edwsh\Desktop\AppPractica\AppPractica\src\app\Services\example.service.ts
FN:12,(anonymous_0)
FN:20,(anonymous_1)
FN:33,(anonymous_2)
FN:39,(anonymous_3)
FNF:4
FNH:4
FNDA:10,(anonymous_0)
FNDA:1,(anonymous_1)
FNDA:3,(anonymous_2)
FNDA:5,(anonymous_3)
DA:7,1
DA:9,10
DA:10,10
DA:11,10
DA:12,10
DA:22,1
DA:24,1
DA:35,3
DA:41,5
LF:9
LH:9
BRF:0
BRH:0
end_of_record
